==============================================================================
20180129 09:36:51.204 - INFO - + START SUITE: Acceptancetest [ ]
==============================================================================
20180129 09:36:51.297 - INFO - +- START SUITE: Acceptancetest.HelloWorldTests [ ]
==============================================================================
20180129 09:36:51.297 - INFO - +-- START TEST: Say Hello [ ]
------------------------------------------------------------------------------
20180129 09:36:51.313 - INFO - +--- START KW: keywords.CustomKeywords.Greet Everyone [ ]
20180129 09:36:51.329 - INFO - +--- END KW: keywords.CustomKeywords.Greet Everyone (16)
------------------------------------------------------------------------------
20180129 09:36:51.329 - INFO - +-- END TEST: Say Hello (32)
------------------------------------------------------------------------------
20180129 09:36:51.344 - INFO - +-- START TEST: Say Hello In Pig Latin [ ]
------------------------------------------------------------------------------
20180129 09:36:51.344 - INFO - +--- START KW: keywords.CustomKeywords.Reverse Greet Everyone [ ]
20180129 09:36:51.360 - INFO - +--- END KW: keywords.CustomKeywords.Reverse Greet Everyone (16)
------------------------------------------------------------------------------
20180129 09:36:51.360 - INFO - +-- END TEST: Say Hello In Pig Latin (16)
------------------------------------------------------------------------------
20180129 09:36:51.375 - INFO - +-- START TEST: Make Sure You're Saying Hello [ ]
------------------------------------------------------------------------------
20180129 09:36:51.375 - INFO - +--- START KW: keywords.CustomKeywords.Greet Everyone [ ]
20180129 09:36:51.391 - INFO - ${result} = hello world
20180129 09:36:51.391 - INFO - +--- END KW: keywords.CustomKeywords.Greet Everyone (16)
~~~~~~~~~~~~~~~~~~~~~~~~~~~~~~~~~~~~~~~~~~~~~~~~~~~~~~~~~~~~~~~~~~~~~~~~~~~~~~
20180129 09:36:51.407 - INFO - +--- START KW: BuiltIn.Should Be Equal [ ${result} | hello world ]
20180129 09:36:51.422 - INFO - +--- END KW: BuiltIn.Should Be Equal (16)
------------------------------------------------------------------------------
20180129 09:36:51.422 - INFO - +-- END TEST: Make Sure You're Saying Hello (47)
------------------------------------------------------------------------------
20180129 09:36:51.422 - INFO - +-- START TEST: Make A Test That Fails [ ]
------------------------------------------------------------------------------
20180129 09:36:51.438 - INFO - +--- START KW: keywords.CustomKeywords.Reverse Greet Everyone [ ]
20180129 09:36:51.438 - INFO - ${result} = dlrow olleh
20180129 09:36:51.438 - INFO - +--- END KW: keywords.CustomKeywords.Reverse Greet Everyone (0)
~~~~~~~~~~~~~~~~~~~~~~~~~~~~~~~~~~~~~~~~~~~~~~~~~~~~~~~~~~~~~~~~~~~~~~~~~~~~~~
20180129 09:36:51.454 - INFO - +--- START KW: BuiltIn.Should Be Equal [ ${result} | dlrow olleh ]
20180129 09:36:51.454 - INFO - +--- END KW: BuiltIn.Should Be Equal (0)
------------------------------------------------------------------------------
20180129 09:36:51.469 - INFO - +-- END TEST: Make A Test That Fails (32)
------------------------------------------------------------------------------
20180129 09:36:51.485 - INFO - +- END SUITE: Acceptancetest.HelloWorldTests (250)
==============================================================================
20180129 09:36:51.500 - INFO - + END SUITE: Acceptancetest (813)
==============================================================================
